[2024-12-06 23:25:42] [INFO    ] discord.client: logging in using static token
[2024-12-06 23:25:43] [INFO    ] discord.gateway: Shard ID None has connected to Gateway (Session ID: 33f247f00fe96a2847ca62924ee6089b).
SequenceProxy(dict_values([<Guild id=774697568780419093 name='Polo Sur' shard_id=0 chunked=False member_count=46>]))
Logged on as Diego bot#7965!
[2024-12-06 23:26:04] [INFO    ] discord.client: logging in using static token
[2024-12-06 23:26:05] [INFO    ] discord.gateway: Shard ID None has connected to Gateway (Session ID: fb021d381b0613c78f65b8c5d54d8f77).
[2024-12-07 00:19:12] [INFO    ] discord.gateway: Shard ID None has successfully RESUMED session fb021d381b0613c78f65b8c5d54d8f77.
[2024-12-07 01:08:03] [INFO    ] discord.gateway: Shard ID None has successfully RESUMED session fb021d381b0613c78f65b8c5d54d8f77.
[2024-12-07 02:55:38] [INFO    ] discord.gateway: Shard ID None has successfully RESUMED session fb021d381b0613c78f65b8c5d54d8f77.
[2024-12-07 05:11:14] [INFO    ] discord.gateway: Shard ID None has successfully RESUMED session fb021d381b0613c78f65b8c5d54d8f77.
[2024-12-07 08:37:39] [INFO    ] discord.gateway: Shard ID None has successfully RESUMED session fb021d381b0613c78f65b8c5d54d8f77.
[2024-12-07 09:32:02] [INFO    ] discord.gateway: Shard ID None has successfully RESUMED session fb021d381b0613c78f65b8c5d54d8f77.
[2024-12-07 10:36:58] [INFO    ] discord.gateway: Shard ID None has successfully RESUMED session fb021d381b0613c78f65b8c5d54d8f77.
[2024-12-07 13:38:43] [INFO    ] discord.gateway: Shard ID None has successfully RESUMED session fb021d381b0613c78f65b8c5d54d8f77.
[2024-12-07 14:01:07] [INFO    ] discord.gateway: Shard ID None has successfully RESUMED session fb021d381b0613c78f65b8c5d54d8f77.
[2024-12-07 15:02:12] [INFO    ] discord.gateway: Shard ID None has successfully RESUMED session fb021d381b0613c78f65b8c5d54d8f77.
[2024-12-07 16:51:36] [INFO    ] discord.gateway: Shard ID None has successfully RESUMED session fb021d381b0613c78f65b8c5d54d8f77.
[2024-12-07 17:32:12] [INFO    ] discord.gateway: Shard ID None has successfully RESUMED session fb021d381b0613c78f65b8c5d54d8f77.
[2024-12-07 18:07:29] [INFO    ] discord.gateway: Shard ID None has successfully RESUMED session fb021d381b0613c78f65b8c5d54d8f77.
[2024-12-07 19:26:06] [INFO    ] discord.gateway: Shard ID None has successfully RESUMED session fb021d381b0613c78f65b8c5d54d8f77.
[2024-12-07 20:49:13] [INFO    ] discord.gateway: Shard ID None has successfully RESUMED session fb021d381b0613c78f65b8c5d54d8f77.
[2024-12-07 22:41:26] [INFO    ] discord.gateway: Shard ID None has successfully RESUMED session fb021d381b0613c78f65b8c5d54d8f77.
[2024-12-08 02:32:53] [INFO    ] discord.gateway: Shard ID None has successfully RESUMED session fb021d381b0613c78f65b8c5d54d8f77.
[2024-12-08 03:08:45] [INFO    ] discord.gateway: Shard ID None has successfully RESUMED session fb021d381b0613c78f65b8c5d54d8f77.
[2024-12-08 04:50:47] [INFO    ] discord.gateway: Shard ID None has successfully RESUMED session fb021d381b0613c78f65b8c5d54d8f77.
[2024-12-08 07:47:03] [INFO    ] discord.gateway: Shard ID None has successfully RESUMED session fb021d381b0613c78f65b8c5d54d8f77.
[2024-12-08 11:46:13] [INFO    ] discord.gateway: Shard ID None has successfully RESUMED session fb021d381b0613c78f65b8c5d54d8f77.
[2024-12-08 13:31:13] [INFO    ] discord.gateway: Shard ID None has successfully RESUMED session fb021d381b0613c78f65b8c5d54d8f77.
[2024-12-08 15:25:50] [INFO    ] discord.gateway: Shard ID None has successfully RESUMED session fb021d381b0613c78f65b8c5d54d8f77.
[2024-12-08 19:13:10] [INFO    ] discord.gateway: Shard ID None has successfully RESUMED session fb021d381b0613c78f65b8c5d54d8f77.
[2024-12-08 22:31:32] [INFO    ] discord.gateway: Shard ID None has successfully RESUMED session fb021d381b0613c78f65b8c5d54d8f77.
[2024-12-09 01:10:20] [INFO    ] discord.gateway: Shard ID None has successfully RESUMED session fb021d381b0613c78f65b8c5d54d8f77.
[2024-12-09 03:46:23] [INFO    ] discord.gateway: Shard ID None has successfully RESUMED session fb021d381b0613c78f65b8c5d54d8f77.
[2024-12-09 05:31:56] [INFO    ] discord.gateway: Shard ID None has successfully RESUMED session fb021d381b0613c78f65b8c5d54d8f77.
[2024-12-09 09:21:55] [INFO    ] discord.gateway: Shard ID None has successfully RESUMED session fb021d381b0613c78f65b8c5d54d8f77.
[2024-12-09 13:21:02] [INFO    ] discord.gateway: Shard ID None has successfully RESUMED session fb021d381b0613c78f65b8c5d54d8f77.
[2024-12-09 14:47:59] [INFO    ] discord.gateway: Shard ID None has successfully RESUMED session fb021d381b0613c78f65b8c5d54d8f77.
[2024-12-09 16:25:57] [INFO    ] discord.gateway: Shard ID None has successfully RESUMED session fb021d381b0613c78f65b8c5d54d8f77.
[2024-12-09 19:34:06] [INFO    ] discord.gateway: Shard ID None has successfully RESUMED session fb021d381b0613c78f65b8c5d54d8f77.
[2024-12-09 20:33:51] [INFO    ] discord.gateway: Shard ID None has successfully RESUMED session fb021d381b0613c78f65b8c5d54d8f77.
[2024-12-09 20:54:45] [INFO    ] discord.gateway: Shard ID None has successfully RESUMED session fb021d381b0613c78f65b8c5d54d8f77.
[2024-12-09 21:44:05] [INFO    ] discord.gateway: Shard ID None has successfully RESUMED session fb021d381b0613c78f65b8c5d54d8f77.
[2024-12-09 22:13:00] [INFO    ] discord.gateway: Shard ID None has successfully RESUMED session fb021d381b0613c78f65b8c5d54d8f77.
[2024-12-10 02:05:14] [INFO    ] discord.gateway: Shard ID None has successfully RESUMED session fb021d381b0613c78f65b8c5d54d8f77.
[2024-12-10 03:30:44] [INFO    ] discord.gateway: Shard ID None has successfully RESUMED session fb021d381b0613c78f65b8c5d54d8f77.
[2024-12-10 07:15:10] [INFO    ] discord.gateway: Shard ID None has successfully RESUMED session fb021d381b0613c78f65b8c5d54d8f77.
[2024-12-10 08:10:24] [INFO    ] discord.gateway: Shard ID None has successfully RESUMED session fb021d381b0613c78f65b8c5d54d8f77.
[2024-12-10 11:24:23] [INFO    ] discord.gateway: Shard ID None has successfully RESUMED session fb021d381b0613c78f65b8c5d54d8f77.
[2024-12-10 12:26:55] [INFO    ] discord.gateway: Shard ID None has successfully RESUMED session fb021d381b0613c78f65b8c5d54d8f77.
[2024-12-10 13:59:04] [INFO    ] discord.gateway: Shard ID None has successfully RESUMED session fb021d381b0613c78f65b8c5d54d8f77.
[2024-12-10 17:32:30] [INFO    ] discord.gateway: Shard ID None has successfully RESUMED session fb021d381b0613c78f65b8c5d54d8f77.
[2024-12-10 17:43:57] [INFO    ] discord.gateway: Shard ID None has successfully RESUMED session fb021d381b0613c78f65b8c5d54d8f77.
[2024-12-10 19:36:38] [INFO    ] discord.gateway: Shard ID None has successfully RESUMED session fb021d381b0613c78f65b8c5d54d8f77.
[2024-12-10 21:34:09] [INFO    ] discord.gateway: Shard ID None has successfully RESUMED session fb021d381b0613c78f65b8c5d54d8f77.
[2024-12-10 23:54:06] [INFO    ] discord.gateway: Shard ID None has successfully RESUMED session fb021d381b0613c78f65b8c5d54d8f77.
[2024-12-11 01:31:59] [INFO    ] discord.gateway: Shard ID None has successfully RESUMED session fb021d381b0613c78f65b8c5d54d8f77.
[2024-12-11 04:02:06] [INFO    ] discord.gateway: Shard ID None has successfully RESUMED session fb021d381b0613c78f65b8c5d54d8f77.
[2024-12-11 07:24:40] [INFO    ] discord.gateway: Shard ID None has successfully RESUMED session fb021d381b0613c78f65b8c5d54d8f77.
[2024-12-11 08:47:35] [INFO    ] discord.gateway: Shard ID None has successfully RESUMED session fb021d381b0613c78f65b8c5d54d8f77.
[2024-12-11 11:29:23] [INFO    ] discord.gateway: Shard ID None has successfully RESUMED session fb021d381b0613c78f65b8c5d54d8f77.
[2024-12-11 14:53:00] [INFO    ] discord.gateway: Shard ID None has successfully RESUMED session fb021d381b0613c78f65b8c5d54d8f77.
[2024-12-11 15:37:17] [INFO    ] discord.gateway: Shard ID None has successfully RESUMED session fb021d381b0613c78f65b8c5d54d8f77.
[2024-12-11 16:28:07] [INFO    ] discord.gateway: Shard ID None has successfully RESUMED session fb021d381b0613c78f65b8c5d54d8f77.
[2024-12-11 19:36:32] [INFO    ] discord.gateway: Shard ID None has successfully RESUMED session fb021d381b0613c78f65b8c5d54d8f77.
[2024-12-11 20:01:18] [INFO    ] discord.gateway: Shard ID None has successfully RESUMED session fb021d381b0613c78f65b8c5d54d8f77.
[2024-12-11 20:41:34] [INFO    ] discord.gateway: Shard ID None has successfully RESUMED session fb021d381b0613c78f65b8c5d54d8f77.
[2024-12-11 22:14:22] [INFO    ] discord.gateway: Shard ID None has successfully RESUMED session fb021d381b0613c78f65b8c5d54d8f77.
[2024-12-11 23:14:46] [INFO    ] discord.gateway: Shard ID None has successfully RESUMED session fb021d381b0613c78f65b8c5d54d8f77.
[2024-12-12 00:11:50] [INFO    ] discord.gateway: Shard ID None has successfully RESUMED session fb021d381b0613c78f65b8c5d54d8f77.
[2024-12-12 00:56:38] [INFO    ] discord.gateway: Shard ID None has successfully RESUMED session fb021d381b0613c78f65b8c5d54d8f77.
[2024-12-12 02:03:20] [INFO    ] discord.gateway: Shard ID None has successfully RESUMED session fb021d381b0613c78f65b8c5d54d8f77.
[2024-12-12 03:01:25] [INFO    ] discord.gateway: Shard ID None has successfully RESUMED session fb021d381b0613c78f65b8c5d54d8f77.
[2024-12-12 06:21:11] [INFO    ] discord.gateway: Shard ID None has successfully RESUMED session fb021d381b0613c78f65b8c5d54d8f77.
[2024-12-12 06:57:43] [INFO    ] discord.gateway: Shard ID None has successfully RESUMED session fb021d381b0613c78f65b8c5d54d8f77.
[2024-12-12 07:54:47] [INFO    ] discord.gateway: Shard ID None has successfully RESUMED session fb021d381b0613c78f65b8c5d54d8f77.
[2024-12-12 08:29:05] [INFO    ] discord.gateway: Shard ID None has successfully RESUMED session fb021d381b0613c78f65b8c5d54d8f77.
[2024-12-12 09:00:03] [INFO    ] discord.gateway: Shard ID None has successfully RESUMED session fb021d381b0613c78f65b8c5d54d8f77.
[2024-12-12 12:11:16] [INFO    ] discord.gateway: Shard ID None has successfully RESUMED session fb021d381b0613c78f65b8c5d54d8f77.
[2024-12-12 14:12:50] [INFO    ] discord.gateway: Shard ID None has successfully RESUMED session fb021d381b0613c78f65b8c5d54d8f77.
[2024-12-12 17:31:59] [INFO    ] discord.gateway: Shard ID None has successfully RESUMED session fb021d381b0613c78f65b8c5d54d8f77.
[2024-12-12 19:45:00] [INFO    ] discord.gateway: Shard ID None has successfully RESUMED session fb021d381b0613c78f65b8c5d54d8f77.
[2024-12-12 20:19:53] [INFO    ] discord.gateway: Shard ID None has successfully RESUMED session fb021d381b0613c78f65b8c5d54d8f77.
[2024-12-12 20:38:27] [INFO    ] discord.gateway: Shard ID None has successfully RESUMED session fb021d381b0613c78f65b8c5d54d8f77.
[2024-12-12 21:12:37] [INFO    ] discord.gateway: Shard ID None has successfully RESUMED session fb021d381b0613c78f65b8c5d54d8f77.
[2024-12-12 22:27:48] [INFO    ] discord.gateway: Shard ID None has successfully RESUMED session fb021d381b0613c78f65b8c5d54d8f77.
[2024-12-12 23:52:50] [INFO    ] discord.gateway: Shard ID None has successfully RESUMED session fb021d381b0613c78f65b8c5d54d8f77.
[2024-12-13 01:14:19] [INFO    ] discord.gateway: Shard ID None has successfully RESUMED session fb021d381b0613c78f65b8c5d54d8f77.
[2024-12-13 02:58:14] [INFO    ] discord.gateway: Shard ID None has successfully RESUMED session fb021d381b0613c78f65b8c5d54d8f77.
[2024-12-13 03:16:31] [INFO    ] discord.gateway: Shard ID None has successfully RESUMED session fb021d381b0613c78f65b8c5d54d8f77.
[2024-12-13 05:06:14] [INFO    ] discord.gateway: Shard ID None has successfully RESUMED session fb021d381b0613c78f65b8c5d54d8f77.
[2024-12-13 06:28:05] [INFO    ] discord.gateway: Shard ID None has successfully RESUMED session fb021d381b0613c78f65b8c5d54d8f77.
[2024-12-13 07:59:39] [INFO    ] discord.gateway: Shard ID None has successfully RESUMED session fb021d381b0613c78f65b8c5d54d8f77.
[2024-12-13 11:47:37] [INFO    ] discord.gateway: Shard ID None has successfully RESUMED session fb021d381b0613c78f65b8c5d54d8f77.
[2024-12-13 12:29:37] [INFO    ] discord.gateway: Shard ID None has successfully RESUMED session fb021d381b0613c78f65b8c5d54d8f77.
[2024-12-13 15:27:12] [INFO    ] discord.gateway: Shard ID None has successfully RESUMED session fb021d381b0613c78f65b8c5d54d8f77.
[2024-12-13 17:39:55] [INFO    ] discord.gateway: Shard ID None has successfully RESUMED session fb021d381b0613c78f65b8c5d54d8f77.
[2024-12-13 17:49:16] [INFO    ] discord.gateway: Shard ID None has successfully RESUMED session fb021d381b0613c78f65b8c5d54d8f77.
[2024-12-13 18:53:49] [INFO    ] discord.gateway: Shard ID None has successfully RESUMED session fb021d381b0613c78f65b8c5d54d8f77.
[2024-12-13 19:25:40] [INFO    ] discord.gateway: Shard ID None has successfully RESUMED session fb021d381b0613c78f65b8c5d54d8f77.
[2024-12-13 20:15:31] [INFO    ] discord.gateway: Shard ID None has successfully RESUMED session fb021d381b0613c78f65b8c5d54d8f77.
[2024-12-13 21:14:19] [INFO    ] discord.gateway: Shard ID None has successfully RESUMED session fb021d381b0613c78f65b8c5d54d8f77.
[2024-12-13 22:29:08] [INFO    ] discord.gateway: Shard ID None has successfully RESUMED session fb021d381b0613c78f65b8c5d54d8f77.
[2024-12-14 00:30:50] [INFO    ] discord.gateway: Shard ID None has successfully RESUMED session fb021d381b0613c78f65b8c5d54d8f77.
[2024-12-14 01:41:56] [INFO    ] discord.gateway: Shard ID None has successfully RESUMED session fb021d381b0613c78f65b8c5d54d8f77.
[2024-12-14 02:05:21] [INFO    ] discord.gateway: Shard ID None has successfully RESUMED session fb021d381b0613c78f65b8c5d54d8f77.
[2024-12-14 03:23:51] [INFO    ] discord.gateway: Shard ID None has successfully RESUMED session fb021d381b0613c78f65b8c5d54d8f77.
[2024-12-14 05:46:11] [INFO    ] discord.gateway: Shard ID None has successfully RESUMED session fb021d381b0613c78f65b8c5d54d8f77.
[2024-12-14 06:19:20] [INFO    ] discord.gateway: Shard ID None has successfully RESUMED session fb021d381b0613c78f65b8c5d54d8f77.
[2024-12-14 07:43:26] [INFO    ] discord.gateway: Shard ID None has successfully RESUMED session fb021d381b0613c78f65b8c5d54d8f77.
[2024-12-14 08:37:49] [INFO    ] discord.gateway: Shard ID None has successfully RESUMED session fb021d381b0613c78f65b8c5d54d8f77.
[2024-12-14 10:28:49] [INFO    ] discord.gateway: Shard ID None has successfully RESUMED session fb021d381b0613c78f65b8c5d54d8f77.
[2024-12-14 10:48:03] [INFO    ] discord.gateway: Shard ID None has successfully RESUMED session fb021d381b0613c78f65b8c5d54d8f77.
[2024-12-14 11:50:38] [INFO    ] discord.gateway: Shard ID None has successfully RESUMED session fb021d381b0613c78f65b8c5d54d8f77.
[2024-12-14 13:16:17] [INFO    ] discord.gateway: Shard ID None has successfully RESUMED session fb021d381b0613c78f65b8c5d54d8f77.
[2024-12-14 14:56:13] [INFO    ] discord.gateway: Shard ID None has successfully RESUMED session fb021d381b0613c78f65b8c5d54d8f77.
[2024-12-14 16:16:46] [INFO    ] discord.gateway: Shard ID None has successfully RESUMED session fb021d381b0613c78f65b8c5d54d8f77.
[2024-12-14 18:50:49] [INFO    ] discord.gateway: Shard ID None has successfully RESUMED session fb021d381b0613c78f65b8c5d54d8f77.
[2024-12-14 22:40:55] [INFO    ] discord.gateway: Shard ID None has successfully RESUMED session fb021d381b0613c78f65b8c5d54d8f77.
[2024-12-15 00:33:31] [INFO    ] discord.gateway: Shard ID None has successfully RESUMED session fb021d381b0613c78f65b8c5d54d8f77.
[2024-12-15 02:00:48] [INFO    ] discord.gateway: Shard ID None has successfully RESUMED session fb021d381b0613c78f65b8c5d54d8f77.
[2024-12-15 03:24:16] [INFO    ] discord.gateway: Shard ID None has successfully RESUMED session fb021d381b0613c78f65b8c5d54d8f77.
[2024-12-15 04:07:47] [INFO    ] discord.gateway: Shard ID None has successfully RESUMED session fb021d381b0613c78f65b8c5d54d8f77.
[2024-12-15 04:14:30] [INFO    ] discord.gateway: Shard ID None has successfully RESUMED session fb021d381b0613c78f65b8c5d54d8f77.
[2024-12-15 05:18:42] [INFO    ] discord.gateway: Shard ID None has successfully RESUMED session fb021d381b0613c78f65b8c5d54d8f77.
[2024-12-15 08:48:18] [INFO    ] discord.gateway: Shard ID None has successfully RESUMED session fb021d381b0613c78f65b8c5d54d8f77.
[2024-12-15 12:28:33] [INFO    ] discord.gateway: Shard ID None has successfully RESUMED session fb021d381b0613c78f65b8c5d54d8f77.
[2024-12-15 12:45:46] [INFO    ] discord.gateway: Shard ID None has successfully RESUMED session fb021d381b0613c78f65b8c5d54d8f77.
[2024-12-15 15:57:14] [INFO    ] discord.gateway: Shard ID None has successfully RESUMED session fb021d381b0613c78f65b8c5d54d8f77.
[2024-12-15 17:58:07] [INFO    ] discord.gateway: Shard ID None has successfully RESUMED session fb021d381b0613c78f65b8c5d54d8f77.
[2024-12-15 21:39:00] [INFO    ] discord.gateway: Shard ID None has successfully RESUMED session fb021d381b0613c78f65b8c5d54d8f77.
[2024-12-15 22:01:28] [INFO    ] discord.gateway: Shard ID None has successfully RESUMED session fb021d381b0613c78f65b8c5d54d8f77.
[2024-12-15 22:54:58] [INFO    ] discord.gateway: Shard ID None has successfully RESUMED session fb021d381b0613c78f65b8c5d54d8f77.
[2024-12-15 23:37:49] [INFO    ] discord.gateway: Shard ID None has successfully RESUMED session fb021d381b0613c78f65b8c5d54d8f77.
[2024-12-16 00:22:20] [INFO    ] discord.gateway: Shard ID None has successfully RESUMED session fb021d381b0613c78f65b8c5d54d8f77.
[2024-12-16 00:27:40] [INFO    ] discord.gateway: Shard ID None has successfully RESUMED session fb021d381b0613c78f65b8c5d54d8f77.
[2024-12-16 04:25:49] [INFO    ] discord.gateway: Shard ID None has successfully RESUMED session fb021d381b0613c78f65b8c5d54d8f77.
[2024-12-16 04:41:08] [INFO    ] discord.gateway: Shard ID None has successfully RESUMED session fb021d381b0613c78f65b8c5d54d8f77.
[2024-12-16 07:29:20] [INFO    ] discord.gateway: Shard ID None has successfully RESUMED session fb021d381b0613c78f65b8c5d54d8f77.
[2024-12-16 08:16:52] [INFO    ] discord.gateway: Shard ID None has successfully RESUMED session fb021d381b0613c78f65b8c5d54d8f77.
[2024-12-16 09:32:19] [INFO    ] discord.gateway: Shard ID None has successfully RESUMED session fb021d381b0613c78f65b8c5d54d8f77.
[2024-12-16 13:29:56] [INFO    ] discord.gateway: Shard ID None has successfully RESUMED session fb021d381b0613c78f65b8c5d54d8f77.
[2024-12-16 13:55:23] [INFO    ] discord.gateway: Shard ID None has successfully RESUMED session fb021d381b0613c78f65b8c5d54d8f77.
[2024-12-16 17:32:43] [INFO    ] discord.gateway: Shard ID None has successfully RESUMED session fb021d381b0613c78f65b8c5d54d8f77.
[2024-12-16 18:58:33] [INFO    ] discord.gateway: Shard ID None has successfully RESUMED session fb021d381b0613c78f65b8c5d54d8f77.
[2024-12-16 20:42:36] [INFO    ] discord.gateway: Shard ID None has successfully RESUMED session fb021d381b0613c78f65b8c5d54d8f77.
[2024-12-16 22:13:08] [INFO    ] discord.gateway: Shard ID None has successfully RESUMED session fb021d381b0613c78f65b8c5d54d8f77.
[2024-12-16 23:49:39] [INFO    ] discord.gateway: Shard ID None has successfully RESUMED session fb021d381b0613c78f65b8c5d54d8f77.
[2024-12-17 00:03:25] [INFO    ] discord.gateway: Shard ID None has successfully RESUMED session fb021d381b0613c78f65b8c5d54d8f77.
[2024-12-17 02:48:43] [INFO    ] discord.gateway: Shard ID None has successfully RESUMED session fb021d381b0613c78f65b8c5d54d8f77.
[2024-12-17 04:43:34] [INFO    ] discord.gateway: Shard ID None has successfully RESUMED session fb021d381b0613c78f65b8c5d54d8f77.
[2024-12-17 08:36:36] [INFO    ] discord.gateway: Shard ID None has successfully RESUMED session fb021d381b0613c78f65b8c5d54d8f77.
[2024-12-17 11:43:47] [INFO    ] discord.gateway: Shard ID None has successfully RESUMED session fb021d381b0613c78f65b8c5d54d8f77.
[2024-12-17 12:24:24] [INFO    ] discord.gateway: Shard ID None has successfully RESUMED session fb021d381b0613c78f65b8c5d54d8f77.
[2024-12-17 14:02:08] [INFO    ] discord.gateway: Shard ID None has successfully RESUMED session fb021d381b0613c78f65b8c5d54d8f77.
[2024-12-17 15:14:35] [INFO    ] discord.gateway: Shard ID None has successfully RESUMED session fb021d381b0613c78f65b8c5d54d8f77.
[2024-12-17 17:14:02] [INFO    ] discord.gateway: Shard ID None has successfully RESUMED session fb021d381b0613c78f65b8c5d54d8f77.
[2024-12-17 17:33:50] [INFO    ] discord.gateway: Shard ID None has successfully RESUMED session fb021d381b0613c78f65b8c5d54d8f77.
[2024-12-17 18:15:10] [INFO    ] discord.gateway: Shard ID None has successfully RESUMED session fb021d381b0613c78f65b8c5d54d8f77.
[2024-12-17 19:06:16] [INFO    ] discord.gateway: Shard ID None has successfully RESUMED session fb021d381b0613c78f65b8c5d54d8f77.
[2024-12-17 22:07:26] [INFO    ] discord.gateway: Shard ID None has successfully RESUMED session fb021d381b0613c78f65b8c5d54d8f77.
[2024-12-17 22:34:00] [INFO    ] discord.gateway: Shard ID None has successfully RESUMED session fb021d381b0613c78f65b8c5d54d8f77.
[2024-12-17 22:52:34] [INFO    ] discord.gateway: Shard ID None has successfully RESUMED session fb021d381b0613c78f65b8c5d54d8f77.
[2024-12-18 01:46:30] [INFO    ] discord.gateway: Shard ID None has successfully RESUMED session fb021d381b0613c78f65b8c5d54d8f77.
[2024-12-18 04:09:04] [INFO    ] discord.gateway: Shard ID None has successfully RESUMED session fb021d381b0613c78f65b8c5d54d8f77.
[2024-12-18 04:46:56] [INFO    ] discord.gateway: Shard ID None has successfully RESUMED session fb021d381b0613c78f65b8c5d54d8f77.
[2024-12-18 07:45:47] [INFO    ] discord.gateway: Shard ID None has successfully RESUMED session fb021d381b0613c78f65b8c5d54d8f77.
[2024-12-18 09:05:53] [INFO    ] discord.gateway: Shard ID None has successfully RESUMED session fb021d381b0613c78f65b8c5d54d8f77.
[2024-12-18 09:35:38] [INFO    ] discord.gateway: Shard ID None has successfully RESUMED session fb021d381b0613c78f65b8c5d54d8f77.
[2024-12-18 11:34:10] [ERROR   ] discord.client: Attempting a reconnect in 1.21s
Traceback (most recent call last):
  File "/root/diegot_bot/venv/lib/python3.12/site-packages/aiohttp/connector.py", line 1301, in _create_direct_connection
    hosts = await self._resolve_host(host, port, traces=traces)
            ^^^^^^^^^^^^^^^^^^^^^^^^^^^^^^^^^^^^^^^^^^^^^^^^^^^
  File "/root/diegot_bot/venv/lib/python3.12/site-packages/aiohttp/connector.py", line 911, in _resolve_host
    return await asyncio.shield(resolved_host_task)
           ^^^^^^^^^^^^^^^^^^^^^^^^^^^^^^^^^^^^^^^^
  File "/root/diegot_bot/venv/lib/python3.12/site-packages/aiohttp/connector.py", line 948, in _resolve_host_with_throttle
    addrs = await self._resolver.resolve(host, port, family=self._family)
            ^^^^^^^^^^^^^^^^^^^^^^^^^^^^^^^^^^^^^^^^^^^^^^^^^^^^^^^^^^^^^
  File "/root/diegot_bot/venv/lib/python3.12/site-packages/aiohttp/resolver.py", line 37, in resolve
    infos = await self._loop.getaddrinfo(
            ^^^^^^^^^^^^^^^^^^^^^^^^^^^^^
  File "/usr/lib/python3.12/asyncio/base_events.py", line 901, in getaddrinfo
    return await self.run_in_executor(
           ^^^^^^^^^^^^^^^^^^^^^^^^^^^
  File "/usr/lib/python3.12/concurrent/futures/thread.py", line 58, in run
    result = self.fn(*self.args, **self.kwargs)
             ^^^^^^^^^^^^^^^^^^^^^^^^^^^^^^^^^^
  File "/usr/lib/python3.12/socket.py", line 963, in getaddrinfo
    for res in _socket.getaddrinfo(host, port, family, type, proto, flags):
               ^^^^^^^^^^^^^^^^^^^^^^^^^^^^^^^^^^^^^^^^^^^^^^^^^^^^^^^^^^^
socket.gaierror: [Errno -3] Temporary failure in name resolution

The above exception was the direct cause of the following exception:

Traceback (most recent call last):
  File "/root/diegot_bot/venv/lib/python3.12/site-packages/discord/client.py", line 664, in connect
    self.ws = await asyncio.wait_for(coro, timeout=60.0)
              ^^^^^^^^^^^^^^^^^^^^^^^^^^^^^^^^^^^^^^^^^^
  File "/usr/lib/python3.12/asyncio/tasks.py", line 520, in wait_for
    return await fut
           ^^^^^^^^^
  File "/root/diegot_bot/venv/lib/python3.12/site-packages/discord/gateway.py", line 374, in from_client
    socket = await client.http.ws_connect(str(url))
             ^^^^^^^^^^^^^^^^^^^^^^^^^^^^^^^^^^^^^^
  File "/root/diegot_bot/venv/lib/python3.12/site-packages/discord/http.py", line 550, in ws_connect
    return await self.__session.ws_connect(url, **kwargs)
           ^^^^^^^^^^^^^^^^^^^^^^^^^^^^^^^^^^^^^^^^^^^^^^
  File "/root/diegot_bot/venv/lib/python3.12/site-packages/aiohttp/client.py", line 931, in _ws_connect
    resp = await self.request(
           ^^^^^^^^^^^^^^^^^^^
  File "/root/diegot_bot/venv/lib/python3.12/site-packages/aiohttp/client.py", line 657, in _request
    conn = await self._connector.connect(
           ^^^^^^^^^^^^^^^^^^^^^^^^^^^^^^
  File "/root/diegot_bot/venv/lib/python3.12/site-packages/aiohttp/connector.py", line 564, in connect
    proto = await self._create_connection(req, traces, timeout)
            ^^^^^^^^^^^^^^^^^^^^^^^^^^^^^^^^^^^^^^^^^^^^^^^^^^^
  File "/root/diegot_bot/venv/lib/python3.12/site-packages/aiohttp/connector.py", line 975, in _create_connection
    _, proto = await self._create_direct_connection(req, traces, timeout)
               ^^^^^^^^^^^^^^^^^^^^^^^^^^^^^^^^^^^^^^^^^^^^^^^^^^^^^^^^^^
  File "/root/diegot_bot/venv/lib/python3.12/site-packages/aiohttp/connector.py", line 1307, in _create_direct_connection
    raise ClientConnectorError(req.connection_key, exc) from exc
aiohttp.client_exceptions.ClientConnectorError: Cannot connect to host gateway-us-east1-b.discord.gg:443 ssl:default [Temporary failure in name resolution]
[2024-12-18 11:34:27] [INFO    ] discord.gateway: Shard ID None has successfully RESUMED session fb021d381b0613c78f65b8c5d54d8f77.
[2024-12-18 13:15:54] [INFO    ] discord.gateway: Shard ID None has successfully RESUMED session fb021d381b0613c78f65b8c5d54d8f77.
[2024-12-18 15:10:47] [INFO    ] discord.gateway: Shard ID None has successfully RESUMED session fb021d381b0613c78f65b8c5d54d8f77.
[2024-12-18 15:19:46] [INFO    ] discord.gateway: Shard ID None has successfully RESUMED session fb021d381b0613c78f65b8c5d54d8f77.
[2024-12-18 16:07:31] [INFO    ] discord.gateway: Shard ID None has successfully RESUMED session fb021d381b0613c78f65b8c5d54d8f77.
[2024-12-18 16:49:34] [INFO    ] discord.gateway: Shard ID None has successfully RESUMED session fb021d381b0613c78f65b8c5d54d8f77.
[2024-12-18 17:10:31] [INFO    ] discord.gateway: Shard ID None has successfully RESUMED session fb021d381b0613c78f65b8c5d54d8f77.
[2024-12-18 19:02:31] [INFO    ] discord.gateway: Shard ID None has successfully RESUMED session fb021d381b0613c78f65b8c5d54d8f77.
[2024-12-18 21:25:50] [INFO    ] discord.gateway: Shard ID None has successfully RESUMED session fb021d381b0613c78f65b8c5d54d8f77.
[2024-12-18 22:35:58] [INFO    ] discord.gateway: Shard ID None has successfully RESUMED session fb021d381b0613c78f65b8c5d54d8f77.
[2024-12-19 00:01:18] [INFO    ] discord.gateway: Shard ID None has successfully RESUMED session fb021d381b0613c78f65b8c5d54d8f77.
[2024-12-19 01:06:19] [INFO    ] discord.gateway: Shard ID None has successfully RESUMED session fb021d381b0613c78f65b8c5d54d8f77.
[2024-12-19 02:08:19] [INFO    ] discord.gateway: Shard ID None has successfully RESUMED session fb021d381b0613c78f65b8c5d54d8f77.
[2024-12-19 02:57:01] [INFO    ] discord.gateway: Shard ID None has successfully RESUMED session fb021d381b0613c78f65b8c5d54d8f77.
[2024-12-19 06:46:54] [INFO    ] discord.gateway: Shard ID None has successfully RESUMED session fb021d381b0613c78f65b8c5d54d8f77.
[2024-12-19 08:22:42] [INFO    ] discord.gateway: Shard ID None has successfully RESUMED session fb021d381b0613c78f65b8c5d54d8f77.
[2024-12-19 09:11:30] [INFO    ] discord.gateway: Shard ID None has successfully RESUMED session fb021d381b0613c78f65b8c5d54d8f77.
[2024-12-19 09:31:32] [INFO    ] discord.gateway: Shard ID None has successfully RESUMED session fb021d381b0613c78f65b8c5d54d8f77.
[2024-12-19 11:29:40] [INFO    ] discord.gateway: Shard ID None has successfully RESUMED session fb021d381b0613c78f65b8c5d54d8f77.
[2024-12-19 12:35:52] [INFO    ] discord.gateway: Shard ID None has successfully RESUMED session fb021d381b0613c78f65b8c5d54d8f77.
[2024-12-19 15:36:20] [INFO    ] discord.gateway: Shard ID None has successfully RESUMED session fb021d381b0613c78f65b8c5d54d8f77.
[2024-12-19 15:48:36] [INFO    ] discord.gateway: Shard ID None has successfully RESUMED session fb021d381b0613c78f65b8c5d54d8f77.
[2024-12-19 18:41:29] [INFO    ] discord.gateway: Shard ID None has successfully RESUMED session fb021d381b0613c78f65b8c5d54d8f77.
[2024-12-19 21:25:02] [INFO    ] discord.gateway: Shard ID None has successfully RESUMED session fb021d381b0613c78f65b8c5d54d8f77.
[2024-12-19 22:41:36] [INFO    ] discord.gateway: Shard ID None has successfully RESUMED session fb021d381b0613c78f65b8c5d54d8f77.
[2024-12-19 23:07:32] [INFO    ] discord.gateway: Shard ID None has successfully RESUMED session fb021d381b0613c78f65b8c5d54d8f77.
[2024-12-20 00:28:14] [INFO    ] discord.gateway: Shard ID None has successfully RESUMED session fb021d381b0613c78f65b8c5d54d8f77.
[2024-12-20 00:57:55] [INFO    ] discord.gateway: Shard ID None has successfully RESUMED session fb021d381b0613c78f65b8c5d54d8f77.
[2024-12-20 01:14:30] [INFO    ] discord.gateway: Shard ID None has successfully RESUMED session fb021d381b0613c78f65b8c5d54d8f77.
[2024-12-20 01:37:40] [INFO    ] discord.gateway: Shard ID None has successfully RESUMED session fb021d381b0613c78f65b8c5d54d8f77.
[2024-12-20 05:35:08] [INFO    ] discord.gateway: Shard ID None has successfully RESUMED session fb021d381b0613c78f65b8c5d54d8f77.
[2024-12-20 06:32:37] [INFO    ] discord.gateway: Shard ID None has successfully RESUMED session fb021d381b0613c78f65b8c5d54d8f77.
[2024-12-20 07:33:56] [INFO    ] discord.gateway: Shard ID None has successfully RESUMED session fb021d381b0613c78f65b8c5d54d8f77.
[2024-12-20 08:22:45] [INFO    ] discord.gateway: Shard ID None has successfully RESUMED session fb021d381b0613c78f65b8c5d54d8f77.
[2024-12-20 09:20:30] [INFO    ] discord.gateway: Shard ID None has successfully RESUMED session fb021d381b0613c78f65b8c5d54d8f77.
[2024-12-20 10:55:40] [INFO    ] discord.gateway: Shard ID None has successfully RESUMED session fb021d381b0613c78f65b8c5d54d8f77.
[2024-12-20 11:27:27] [INFO    ] discord.gateway: Shard ID None has successfully RESUMED session fb021d381b0613c78f65b8c5d54d8f77.
[2024-12-20 12:01:50] [INFO    ] discord.gateway: Shard ID None has successfully RESUMED session fb021d381b0613c78f65b8c5d54d8f77.
[2024-12-20 12:59:40] [INFO    ] discord.gateway: Shard ID None has successfully RESUMED session fb021d381b0613c78f65b8c5d54d8f77.
[2024-12-20 13:24:07] [INFO    ] discord.gateway: Shard ID None has successfully RESUMED session fb021d381b0613c78f65b8c5d54d8f77.
[2024-12-20 14:48:25] [INFO    ] discord.gateway: Shard ID None has successfully RESUMED session fb021d381b0613c78f65b8c5d54d8f77.
[2024-12-20 14:58:01] [INFO    ] discord.gateway: Shard ID None has successfully RESUMED session fb021d381b0613c78f65b8c5d54d8f77.
[2024-12-20 17:45:58] [INFO    ] discord.gateway: Shard ID None has successfully RESUMED session fb021d381b0613c78f65b8c5d54d8f77.
[2024-12-20 21:40:43] [INFO    ] discord.gateway: Shard ID None has successfully RESUMED session fb021d381b0613c78f65b8c5d54d8f77.
[2024-12-20 23:14:55] [INFO    ] discord.gateway: Shard ID None has successfully RESUMED session fb021d381b0613c78f65b8c5d54d8f77.
[2024-12-20 23:38:39] [INFO    ] discord.gateway: Shard ID None has successfully RESUMED session fb021d381b0613c78f65b8c5d54d8f77.
[2024-12-21 03:08:58] [INFO    ] discord.gateway: Shard ID None has successfully RESUMED session fb021d381b0613c78f65b8c5d54d8f77.
[2024-12-21 04:43:02] [INFO    ] discord.gateway: Shard ID None has successfully RESUMED session fb021d381b0613c78f65b8c5d54d8f77.
[2024-12-21 07:59:06] [INFO    ] discord.gateway: Shard ID None has successfully RESUMED session fb021d381b0613c78f65b8c5d54d8f77.
[2024-12-21 10:26:45] [INFO    ] discord.gateway: Shard ID None has successfully RESUMED session fb021d381b0613c78f65b8c5d54d8f77.
[2024-12-21 11:39:21] [INFO    ] discord.gateway: Shard ID None has successfully RESUMED session fb021d381b0613c78f65b8c5d54d8f77.
[2024-12-21 13:25:56] [INFO    ] discord.gateway: Shard ID None has successfully RESUMED session fb021d381b0613c78f65b8c5d54d8f77.
[2024-12-21 13:50:02] [INFO    ] discord.gateway: Shard ID None has successfully RESUMED session fb021d381b0613c78f65b8c5d54d8f77.
[2024-12-21 16:24:22] [INFO    ] discord.gateway: Shard ID None has successfully RESUMED session fb021d381b0613c78f65b8c5d54d8f77.
[2024-12-21 18:45:45] [INFO    ] discord.gateway: Shard ID None has successfully RESUMED session fb021d381b0613c78f65b8c5d54d8f77.
[2024-12-21 20:05:26] [INFO    ] discord.gateway: Shard ID None has successfully RESUMED session fb021d381b0613c78f65b8c5d54d8f77.
[2024-12-21 22:13:32] [INFO    ] discord.gateway: Shard ID None has successfully RESUMED session fb021d381b0613c78f65b8c5d54d8f77.
[2024-12-21 22:44:02] [INFO    ] discord.gateway: Shard ID None has successfully RESUMED session fb021d381b0613c78f65b8c5d54d8f77.
[2024-12-22 00:13:34] [WARNING ] discord.gateway: Shard ID None heartbeat blocked for more than 10 seconds.
Loop thread traceback (most recent call last):
  File "/root/diegot_bot/main.py", line 62, in <module>
    client.run(token)
  File "/root/diegot_bot/venv/lib/python3.12/site-packages/discord/client.py", line 869, in run
    asyncio.run(runner())
  File "/usr/lib/python3.12/asyncio/runners.py", line 194, in run
    return runner.run(main)
  File "/usr/lib/python3.12/asyncio/runners.py", line 118, in run
    return self._loop.run_until_complete(task)
  File "/usr/lib/python3.12/asyncio/base_events.py", line 674, in run_until_complete
    self.run_forever()
  File "/usr/lib/python3.12/asyncio/base_events.py", line 641, in run_forever
    self._run_once()
  File "/usr/lib/python3.12/asyncio/base_events.py", line 1987, in _run_once
    handle._run()
  File "/usr/lib/python3.12/asyncio/events.py", line 88, in _run
    self._context.run(self._callback, *self._args)
  File "/root/diegot_bot/venv/lib/python3.12/site-packages/discord/client.py", line 449, in _run_event
    await coro(*args, **kwargs)
  File "/root/diegot_bot/main.py", line 43, in on_message
    name = save_facebook_video(message.content.split(' ')[1])
  File "/root/diegot_bot/utils.py", line 18, in save_facebook_video
    response = requests.post(url, data={"id": face_url,"locale": "es"}, headers=headers)
  File "/root/diegot_bot/venv/lib/python3.12/site-packages/requests/api.py", line 115, in post
    return request("post", url, data=data, json=json, **kwargs)
  File "/root/diegot_bot/venv/lib/python3.12/site-packages/requests/api.py", line 59, in request
    return session.request(method=method, url=url, **kwargs)
  File "/root/diegot_bot/venv/lib/python3.12/site-packages/requests/sessions.py", line 589, in request
    resp = self.send(prep, **send_kwargs)
  File "/root/diegot_bot/venv/lib/python3.12/site-packages/requests/sessions.py", line 703, in send
    r = adapter.send(request, **kwargs)
  File "/root/diegot_bot/venv/lib/python3.12/site-packages/requests/adapters.py", line 667, in send
    resp = conn.urlopen(
  File "/root/diegot_bot/venv/lib/python3.12/site-packages/urllib3/connectionpool.py", line 789, in urlopen
    response = self._make_request(
  File "/root/diegot_bot/venv/lib/python3.12/site-packages/urllib3/connectionpool.py", line 536, in _make_request
    response = conn.getresponse()
  File "/root/diegot_bot/venv/lib/python3.12/site-packages/urllib3/connection.py", line 507, in getresponse
    httplib_response = super().getresponse()
  File "/usr/lib/python3.12/http/client.py", line 1428, in getresponse
    response.begin()
  File "/usr/lib/python3.12/http/client.py", line 331, in begin
    version, status, reason = self._read_status()
  File "/usr/lib/python3.12/http/client.py", line 292, in _read_status
    line = str(self.fp.readline(_MAXLINE + 1), "iso-8859-1")
  File "/usr/lib/python3.12/socket.py", line 707, in readinto
    return self._sock.recv_into(b)
  File "/usr/lib/python3.12/ssl.py", line 1252, in recv_into
    return self.read(nbytes, buffer)
  File "/usr/lib/python3.12/ssl.py", line 1104, in read
    return self._sslobj.read(len, buffer)

[2024-12-22 00:13:39] [ERROR   ] discord.client: Attempting a reconnect in 0.28s
Traceback (most recent call last):
  File "/root/diegot_bot/venv/lib/python3.12/site-packages/discord/client.py", line 667, in connect
    await self.ws.poll_event()
  File "/root/diegot_bot/venv/lib/python3.12/site-packages/discord/gateway.py", line 625, in poll_event
    await self.received_message(msg.data)
  File "/root/diegot_bot/venv/lib/python3.12/site-packages/discord/gateway.py", line 533, in received_message
    await self.send_as_json(beat)
  File "/root/diegot_bot/venv/lib/python3.12/site-packages/discord/gateway.py", line 661, in send_as_json
    await self.send(utils._to_json(data))
  File "/root/diegot_bot/venv/lib/python3.12/site-packages/discord/gateway.py", line 657, in send
    await self.socket.send_str(data)
  File "/root/diegot_bot/venv/lib/python3.12/site-packages/aiohttp/client_ws.py", line 225, in send_str
    await self._writer.send(data, binary=False, compress=compress)
  File "/root/diegot_bot/venv/lib/python3.12/site-packages/aiohttp/http_websocket.py", line 726, in send
    await self._send_frame(message, WSMsgType.TEXT, compress)
  File "/root/diegot_bot/venv/lib/python3.12/site-packages/aiohttp/http_websocket.py", line 672, in _send_frame
    self._write(header + mask + message)
  File "/root/diegot_bot/venv/lib/python3.12/site-packages/aiohttp/http_websocket.py", line 699, in _write
    raise ConnectionResetError("Cannot write to closing transport")
ConnectionResetError: Cannot write to closing transport
[2024-12-22 00:13:39] [INFO    ] discord.gateway: Shard ID None has successfully RESUMED session fb021d381b0613c78f65b8c5d54d8f77.
[2024-12-22 01:02:10] [INFO    ] discord.gateway: Shard ID None has successfully RESUMED session fb021d381b0613c78f65b8c5d54d8f77.
[2024-12-22 01:15:47] [INFO    ] discord.gateway: Shard ID None has successfully RESUMED session fb021d381b0613c78f65b8c5d54d8f77.
[2024-12-22 02:39:15] [INFO    ] discord.gateway: Shard ID None has successfully RESUMED session fb021d381b0613c78f65b8c5d54d8f77.
[2024-12-22 05:35:03] [INFO    ] discord.gateway: Shard ID None has successfully RESUMED session fb021d381b0613c78f65b8c5d54d8f77.
[2024-12-22 05:50:47] [INFO    ] discord.gateway: Shard ID None has successfully RESUMED session fb021d381b0613c78f65b8c5d54d8f77.
[2024-12-22 08:52:16] [INFO    ] discord.gateway: Shard ID None has successfully RESUMED session fb021d381b0613c78f65b8c5d54d8f77.
[2024-12-22 09:56:13] [INFO    ] discord.gateway: Shard ID None has successfully RESUMED session fb021d381b0613c78f65b8c5d54d8f77.
[2024-12-22 13:03:39] [INFO    ] discord.gateway: Shard ID None has successfully RESUMED session fb021d381b0613c78f65b8c5d54d8f77.
[2024-12-22 16:20:41] [INFO    ] discord.gateway: Shard ID None has successfully RESUMED session fb021d381b0613c78f65b8c5d54d8f77.
[2024-12-22 18:43:55] [INFO    ] discord.gateway: Shard ID None has successfully RESUMED session fb021d381b0613c78f65b8c5d54d8f77.
[2024-12-22 20:28:18] [INFO    ] discord.gateway: Shard ID None has successfully RESUMED session fb021d381b0613c78f65b8c5d54d8f77.
[2024-12-22 20:45:24] [INFO    ] discord.gateway: Shard ID None has successfully RESUMED session fb021d381b0613c78f65b8c5d54d8f77.
[2024-12-22 21:30:39] [INFO    ] discord.gateway: Shard ID None has successfully RESUMED session fb021d381b0613c78f65b8c5d54d8f77.
[2024-12-22 22:02:54] [INFO    ] discord.gateway: Shard ID None has successfully RESUMED session fb021d381b0613c78f65b8c5d54d8f77.
[2024-12-23 01:23:39] [INFO    ] discord.gateway: Shard ID None has successfully RESUMED session fb021d381b0613c78f65b8c5d54d8f77.
[2024-12-23 02:08:22] [INFO    ] discord.gateway: Shard ID None has successfully RESUMED session fb021d381b0613c78f65b8c5d54d8f77.
[2024-12-23 04:29:31] [INFO    ] discord.gateway: Shard ID None has successfully RESUMED session fb021d381b0613c78f65b8c5d54d8f77.
[2024-12-23 07:50:13] [INFO    ] discord.gateway: Shard ID None has successfully RESUMED session fb021d381b0613c78f65b8c5d54d8f77.
[2024-12-23 11:08:25] [INFO    ] discord.gateway: Shard ID None has successfully RESUMED session fb021d381b0613c78f65b8c5d54d8f77.
[2024-12-23 11:33:39] [INFO    ] discord.gateway: Shard ID None has successfully RESUMED session fb021d381b0613c78f65b8c5d54d8f77.
[2024-12-23 15:19:26] [INFO    ] discord.gateway: Shard ID None has successfully RESUMED session fb021d381b0613c78f65b8c5d54d8f77.
[2024-12-23 16:28:13] [INFO    ] discord.gateway: Shard ID None has successfully RESUMED session fb021d381b0613c78f65b8c5d54d8f77.
[2024-12-23 20:03:42] [INFO    ] discord.gateway: Shard ID None has successfully RESUMED session fb021d381b0613c78f65b8c5d54d8f77.
[2024-12-23 23:29:08] [INFO    ] discord.gateway: Shard ID None has successfully RESUMED session fb021d381b0613c78f65b8c5d54d8f77.
[2024-12-23 23:40:19] [INFO    ] discord.gateway: Shard ID None has successfully RESUMED session fb021d381b0613c78f65b8c5d54d8f77.
[2024-12-24 03:17:29] [INFO    ] discord.gateway: Shard ID None has successfully RESUMED session fb021d381b0613c78f65b8c5d54d8f77.
[2024-12-24 06:29:26] [INFO    ] discord.gateway: Shard ID None has successfully RESUMED session fb021d381b0613c78f65b8c5d54d8f77.
[2024-12-24 10:22:00] [INFO    ] discord.gateway: Shard ID None has successfully RESUMED session fb021d381b0613c78f65b8c5d54d8f77.
[2024-12-24 10:40:00] [INFO    ] discord.gateway: Shard ID None has successfully RESUMED session fb021d381b0613c78f65b8c5d54d8f77.
[2024-12-24 11:23:09] [INFO    ] discord.gateway: Shard ID None has successfully RESUMED session fb021d381b0613c78f65b8c5d54d8f77.
[2024-12-24 14:32:49] [INFO    ] discord.gateway: Shard ID None has successfully RESUMED session fb021d381b0613c78f65b8c5d54d8f77.
[2024-12-24 16:20:26] [INFO    ] discord.gateway: Shard ID None has successfully RESUMED session fb021d381b0613c78f65b8c5d54d8f77.
[2024-12-24 17:13:45] [INFO    ] discord.gateway: Shard ID None has successfully RESUMED session fb021d381b0613c78f65b8c5d54d8f77.
Traceback (most recent call last):
  File "/root/diegot_bot/main.py", line 1, in <module>
    import discord
ModuleNotFoundError: No module named 'discord'
[2024-12-24 18:16:53] [INFO    ] discord.client: logging in using static token
[2024-12-24 18:16:54] [INFO    ] discord.gateway: Shard ID None has connected to Gateway (Session ID: c7a8304a64358aa3d521b1031135de50).
[2024-12-24 18:28:52] [INFO    ] discord.client: logging in using static token
[2024-12-24 18:28:53] [INFO    ] discord.gateway: Shard ID None has connected to Gateway (Session ID: 41aad29ff3435a2d139c74bf067d0835).
[2024-12-24 20:11:16] [INFO    ] discord.gateway: Shard ID None has successfully RESUMED session 41aad29ff3435a2d139c74bf067d0835.
[2024-12-24 22:57:16] [INFO    ] discord.gateway: Shard ID None has successfully RESUMED session 41aad29ff3435a2d139c74bf067d0835.
[2024-12-25 02:28:12] [INFO    ] discord.gateway: Shard ID None has successfully RESUMED session 41aad29ff3435a2d139c74bf067d0835.
[2024-12-25 04:21:07] [INFO    ] discord.client: logging in using static token
[2024-12-25 04:21:08] [INFO    ] discord.gateway: Shard ID None has connected to Gateway (Session ID: 1db1c94bbb196f7f4be5547aa0b8690c).
[2024-12-25 07:50:40] [INFO    ] discord.gateway: Shard ID None has successfully RESUMED session 1db1c94bbb196f7f4be5547aa0b8690c.
[2024-12-25 08:16:44] [INFO    ] discord.gateway: Shard ID None has successfully RESUMED session 1db1c94bbb196f7f4be5547aa0b8690c.
[2024-12-25 10:40:23] [INFO    ] discord.gateway: Shard ID None has successfully RESUMED session 1db1c94bbb196f7f4be5547aa0b8690c.
[2024-12-25 13:48:35] [INFO    ] discord.gateway: Shard ID None has successfully RESUMED session 1db1c94bbb196f7f4be5547aa0b8690c.
[2024-12-25 14:48:19] [INFO    ] discord.gateway: Shard ID None has successfully RESUMED session 1db1c94bbb196f7f4be5547aa0b8690c.
